<?xml version="1.0" encoding="UTF-8"?>
<!-- Generated by org.testng.reporters.JUnitReportReporter -->
<testsuite hostname="DESKTOP-9KV5DQL" failures="0" tests="1" name="com.nashtech.tshape.tests.DemoQA.DemoQATest_ID04_APITest_Authorize" time="4.098" errors="0" timestamp="6 Jan 2023 04:00:10 GMT">
  <testcase classname="com.nashtech.tshape.tests.DemoQA.DemoQATest_ID04_APITest_Authorize" name="ID04_APITest_Authorize" time="4.098"/>
</testsuite> <!-- com.nashtech.tshape.tests.DemoQA.DemoQATest_ID04_APITest_Authorize -->
