<?xml version="1.0" encoding="UTF-8"?>
<!-- Generated by org.testng.reporters.JUnitReportReporter -->
<testsuite hostname="DESKTOP-9KV5DQL" failures="0" tests="1" name="com.nashtech.tshape.tests.DemoQA.DemoQATest_ID02_APITest" time="4.230" errors="0" timestamp="5 Jan 2023 08:46:47 GMT">
  <testcase classname="com.nashtech.tshape.tests.DemoQA.DemoQATest_ID02_APITest" name="ID02_APITest" time="4.230"/>
</testsuite> <!-- com.nashtech.tshape.tests.DemoQA.DemoQATest_ID02_APITest -->
