<?xml version="1.0" encoding="UTF-8"?>
<!-- Generated by org.testng.reporters.JUnitReportReporter -->
<testsuite hostname="DESKTOP-9KV5DQL" failures="0" tests="1" name="com.nashtech.tshape.tests.Practice4Test" time="9.478" errors="0" timestamp="1 Nov 2022 03:50:44 GMT">
  <testcase classname="com.nashtech.tshape.tests.Practice4Test" name="practice4" time="9.478"/>
</testsuite> <!-- com.nashtech.tshape.tests.Practice4Test -->
