<?xml version="1.0" encoding="UTF-8"?>
<!-- Generated by org.testng.reporters.JUnitReportReporter -->
<testsuite hostname="DESKTOP-9KV5DQL" failures="0" tests="1" name="com.nashtech.tshape.tests.LocatingElement" time="2.323" errors="0" timestamp="14 Oct 2022 03:59:32 GMT">
  <testcase classname="com.nashtech.tshape.tests.LocatingElement" name="locatingElement" time="2.323"/>
</testsuite> <!-- com.nashtech.tshape.tests.LocatingElement -->
