<?xml version="1.0" encoding="UTF-8"?>
<!-- Generated by org.testng.reporters.JUnitReportReporter -->
<testsuite hostname="DESKTOP-9KV5DQL" failures="0" tests="1" name="com.nashtech.tshape.tests.FinalAssessment.Agoda_ID02" time="76.858" errors="0" timestamp="15 Feb 2023 08:50:39 GMT">
  <testcase classname="com.nashtech.tshape.tests.FinalAssessment.Agoda_ID02" name="testCase02" time="76.858"/>
</testsuite> <!-- com.nashtech.tshape.tests.FinalAssessment.Agoda_ID02 -->
