<?xml version="1.0" encoding="UTF-8"?>
<!-- Generated by org.testng.reporters.JUnitReportReporter -->
<testsuite hostname="DESKTOP-9KV5DQL" failures="0" tests="1" name="com.nashtech.tshape.tests.DemoQA.DemoQATest_ID03_APITest_GetUser" time="4.106" errors="0" timestamp="5 Jan 2023 09:43:05 GMT">
  <testcase classname="com.nashtech.tshape.tests.DemoQA.DemoQATest_ID03_APITest_GetUser" name="ID03_APITest_GetUser" time="4.106"/>
</testsuite> <!-- com.nashtech.tshape.tests.DemoQA.DemoQATest_ID03_APITest_GetUser -->
