<?xml version="1.0" encoding="UTF-8"?>
<!-- Generated by org.testng.reporters.JUnitReportReporter -->
<testsuite hostname="DESKTOP-9KV5DQL" failures="0" tests="1" name="com.nashtech.tshape.tests.BrowserCommandsTest" time="0.084" errors="0" timestamp="19 Dec 2022 08:51:16 GMT">
  <testcase classname="com.nashtech.tshape.tests.BrowserCommandsTest" name="browserCommands" time="0.084"/>
</testsuite> <!-- com.nashtech.tshape.tests.BrowserCommandsTest -->
