<?xml version="1.0" encoding="UTF-8"?>
<!-- Generated by org.testng.reporters.JUnitReportReporter -->
<testsuite hostname="DESKTOP-9KV5DQL" failures="0" tests="1" name="com.nashtech.tshape.tests.DemoQA.DemoQATest_ID05_APITest_GetUser" time="13.890" errors="0" timestamp="9 Jan 2023 09:01:43 GMT">
  <testcase classname="com.nashtech.tshape.tests.DemoQA.DemoQATest_ID05_APITest_GetUser" name="id05_APITest_GetUser" time="13.890"/>
</testsuite> <!-- com.nashtech.tshape.tests.DemoQA.DemoQATest_ID05_APITest_GetUser -->
