<?xml version="1.0" encoding="UTF-8"?>
<!-- Generated by org.testng.reporters.JUnitReportReporter -->
<testsuite hostname="DESKTOP-9KV5DQL" failures="0" tests="1" name="com.nashtech.tshape.tests.FinalAssessment.Agoda_ID01" time="42.975" errors="0" timestamp="15 Feb 2023 06:18:47 GMT">
  <testcase classname="com.nashtech.tshape.tests.FinalAssessment.Agoda_ID01" name="testCase01" time="42.975"/>
</testsuite> <!-- com.nashtech.tshape.tests.FinalAssessment.Agoda_ID01 -->
