<?xml version="1.0" encoding="UTF-8"?>
<!-- Generated by org.testng.reporters.JUnitReportReporter -->
<testsuite hostname="DESKTOP-9KV5DQL" failures="0" tests="1" name="com.nashtech.tshape.tests.BrowserCommands" time="2.307" errors="0" timestamp="26 Oct 2022 09:02:02 GMT">
  <testcase classname="com.nashtech.tshape.tests.BrowserCommands" name="browserCommands" time="2.307"/>
</testsuite> <!-- com.nashtech.tshape.tests.BrowserCommands -->
