<?xml version="1.0" encoding="UTF-8"?>
<!-- Generated by org.testng.reporters.JUnitReportReporter -->
<testsuite hostname="DESKTOP-9KV5DQL" failures="0" tests="1" name="com.nashtech.tshape.tests.DemoQA.DemoQATest_ID02_APITest_CreateUserAndAuthorize" time="4.276" errors="0" timestamp="5 Jan 2023 10:12:35 GMT">
  <testcase classname="com.nashtech.tshape.tests.DemoQA.DemoQATest_ID02_APITest_CreateUserAndAuthorize" name="ID02_APITest_CreateUser" time="4.276"/>
</testsuite> <!-- com.nashtech.tshape.tests.DemoQA.DemoQATest_ID02_APITest_CreateUserAndAuthorize -->
