<?xml version="1.0" encoding="UTF-8"?>
<!-- Generated by org.testng.reporters.JUnitReportReporter -->
<testsuite hostname="DESKTOP-9KV5DQL" failures="0" tests="1" name="com.nashtech.tshape.tests.ShopDemoQA.ShopDemoQATest_ID01_BrowserCommandsTest" time="0.002" errors="1" timestamp="19 Dec 2022 09:44:36 GMT">
  <testcase classname="com.nashtech.tshape.tests.ShopDemoQA.ShopDemoQATest_ID01_BrowserCommandsTest" name="browserCommands" time="0.002">
    <error type="java.lang.NullPointerException">
      <![CDATA[java.lang.NullPointerException
	at java.base/java.io.Reader.<init>(Reader.java:168)
	at java.base/java.io.InputStreamReader.<init>(InputStreamReader.java:76)
	at org.json.JSONTokener.<init>(JSONTokener.java:84)
	at com.nashtech.tshape.base.ConfigLoader.readConfiguration(ConfigLoader.java:26)
	at com.nashtech.tshape.base.ConfigLoader.initConfig(ConfigLoader.java:19)
	at com.nashtech.tshape.base.ConfigLoader.getEnv(ConfigLoader.java:42)
	at com.nashtech.tshape.base.BaseSetup.initializeTestBaseSetup(BaseSetup.java:30)
	at com.nashtech.tshape.base.BaseSetup.initializeTest(BaseSetup.java:94)
	at com.nashtech.tshape.tests.ShopDemoQA.ShopDemoQATest_ID01_BrowserCommandsTest.initializeTest(ShopDemoQATest_ID01_BrowserCommandsTest.java:22)
	at java.base/jdk.internal.reflect.DirectMethodHandleAccessor.invoke(DirectMethodHandleAccessor.java:104)
	at java.base/java.lang.reflect.Method.invoke(Method.java:577)
	at org.testng.internal.MethodInvocationHelper.invokeMethod(MethodInvocationHelper.java:86)
	at org.testng.internal.Invoker.invokeConfigurationMethod(Invoker.java:514)
	at org.testng.internal.Invoker.invokeConfigurations(Invoker.java:215)
	at org.testng.internal.Invoker.invokeConfigurations(Invoker.java:142)
	at org.testng.internal.TestMethodWorker.invokeBeforeClassMethods(TestMethodWorker.java:178)
	at org.testng.internal.TestMethodWorker.run(TestMethodWorker.java:108)
	at org.testng.TestRunner.privateRun(TestRunner.java:782)
	at org.testng.TestRunner.run(TestRunner.java:632)
	at org.testng.SuiteRunner.runTest(SuiteRunner.java:366)
	at org.testng.SuiteRunner.runSequentially(SuiteRunner.java:361)
	at org.testng.SuiteRunner.privateRun(SuiteRunner.java:319)
	at org.testng.SuiteRunner.run(SuiteRunner.java:268)
	at org.testng.SuiteRunnerWorker.runSuite(SuiteRunnerWorker.java:52)
	at org.testng.SuiteRunnerWorker.run(SuiteRunnerWorker.java:86)
	at org.testng.TestNG.runSuitesSequentially(TestNG.java:1244)
	at org.testng.TestNG.runSuitesLocally(TestNG.java:1169)
	at org.testng.TestNG.run(TestNG.java:1064)
	at org.testng.remote.AbstractRemoteTestNG.run(AbstractRemoteTestNG.java:115)
	at org.testng.remote.RemoteTestNG.initAndRun(RemoteTestNG.java:251)
	at org.testng.remote.RemoteTestNG.main(RemoteTestNG.java:77)
]]>
    </error>
  </testcase> <!-- browserCommands -->
</testsuite> <!-- com.nashtech.tshape.tests.ShopDemoQA.ShopDemoQATest_ID01_BrowserCommandsTest -->
